mode: set
github.com/minhmannh2001/sms/database/sms-database.go:31.35,33.16 2 0
github.com/minhmannh2001/sms/database/sms-database.go:33.16,36.3 1 0
github.com/minhmannh2001/sms/database/sms-database.go:38.2,48.16 9 0
github.com/minhmannh2001/sms/database/sms-database.go:48.16,51.3 2 0
github.com/minhmannh2001/sms/database/sms-database.go:52.2,56.3 3 0
github.com/minhmannh2001/sms/database/sms-database.go:59.66,61.16 2 0
github.com/minhmannh2001/sms/database/sms-database.go:61.16,63.3 1 0
github.com/minhmannh2001/sms/database/sms-database.go:64.2,65.12 2 0
github.com/minhmannh2001/sms/database/sms-database.go:68.66,71.79 2 0
github.com/minhmannh2001/sms/database/sms-database.go:71.79,73.3 1 0
github.com/minhmannh2001/sms/database/sms-database.go:74.2,75.20 2 0
github.com/minhmannh2001/sms/database/sms-database.go:78.136,83.18 3 0
github.com/minhmannh2001/sms/database/sms-database.go:83.18,85.3 1 0
github.com/minhmannh2001/sms/database/sms-database.go:87.2,87.45 1 0
github.com/minhmannh2001/sms/database/sms-database.go:87.45,88.27 1 0
github.com/minhmannh2001/sms/database/sms-database.go:88.27,90.4 1 0
github.com/minhmannh2001/sms/database/sms-database.go:91.3,91.27 1 0
github.com/minhmannh2001/sms/database/sms-database.go:91.27,93.4 1 0
github.com/minhmannh2001/sms/database/sms-database.go:94.3,94.89 1 0
github.com/minhmannh2001/sms/database/sms-database.go:97.2,97.17 1 0
github.com/minhmannh2001/sms/database/sms-database.go:97.17,99.3 1 0
github.com/minhmannh2001/sms/database/sms-database.go:100.2,100.18 1 0
github.com/minhmannh2001/sms/database/sms-database.go:100.18,102.3 1 0
github.com/minhmannh2001/sms/database/sms-database.go:104.2,104.68 1 0
github.com/minhmannh2001/sms/database/sms-database.go:104.68,106.3 1 0
github.com/minhmannh2001/sms/database/sms-database.go:108.2,109.21 2 0
github.com/minhmannh2001/sms/database/sms-database.go:112.66,115.16 3 0
github.com/minhmannh2001/sms/database/sms-database.go:115.16,117.3 1 0
github.com/minhmannh2001/sms/database/sms-database.go:118.2,119.12 2 0
github.com/minhmannh2001/sms/database/sms-database.go:122.51,124.16 2 0
github.com/minhmannh2001/sms/database/sms-database.go:124.16,126.3 1 0
github.com/minhmannh2001/sms/database/sms-database.go:127.2,128.12 2 0
github.com/minhmannh2001/sms/database/sms-database.go:131.61,133.81 2 0
github.com/minhmannh2001/sms/database/sms-database.go:133.81,135.3 1 0
github.com/minhmannh2001/sms/database/sms-database.go:136.2,136.13 1 0
github.com/minhmannh2001/sms/database/sms-database.go:139.58,141.83 2 0
github.com/minhmannh2001/sms/database/sms-database.go:141.83,143.3 1 0
github.com/minhmannh2001/sms/database/sms-database.go:144.2,144.13 1 0
github.com/minhmannh2001/sms/database/sms-database.go:147.63,151.2 3 0
github.com/minhmannh2001/sms/database/sms-database.go:153.57,155.16 2 0
github.com/minhmannh2001/sms/database/sms-database.go:155.16,157.3 1 0
github.com/minhmannh2001/sms/database/sms-database.go:159.2,166.16 7 0
github.com/minhmannh2001/sms/database/sms-database.go:166.16,168.3 1 0
github.com/minhmannh2001/sms/database/sms-database.go:169.2,172.26 3 0
github.com/minhmannh2001/sms/database/sms-database.go:175.44,177.16 2 0
github.com/minhmannh2001/sms/database/sms-database.go:177.16,178.52 1 0
github.com/minhmannh2001/sms/database/sms-database.go:180.2,180.15 1 0
github.com/minhmannh2001/sms/handlers/create-new-server.go:10.40,12.48 2 1
github.com/minhmannh2001/sms/handlers/create-new-server.go:12.48,15.3 2 0
github.com/minhmannh2001/sms/handlers/create-new-server.go:16.2,17.16 2 1
github.com/minhmannh2001/sms/handlers/create-new-server.go:17.16,20.3 2 0
github.com/minhmannh2001/sms/handlers/create-new-server.go:21.2,21.79 1 1
github.com/minhmannh2001/sms/handlers/delete-server.go:10.37,13.16 2 0
github.com/minhmannh2001/sms/handlers/delete-server.go:13.16,16.3 2 0
github.com/minhmannh2001/sms/handlers/delete-server.go:18.2,20.16 2 0
github.com/minhmannh2001/sms/handlers/delete-server.go:20.16,23.3 2 0
github.com/minhmannh2001/sms/handlers/delete-server.go:25.2,25.75 1 0
github.com/minhmannh2001/sms/handlers/export-server-list.go:14.43,17.29 2 0
github.com/minhmannh2001/sms/handlers/export-server-list.go:17.29,19.3 1 0
github.com/minhmannh2001/sms/handlers/export-server-list.go:21.2,21.27 1 0
github.com/minhmannh2001/sms/handlers/export-server-list.go:21.27,23.3 1 0
github.com/minhmannh2001/sms/handlers/export-server-list.go:25.2,25.32 1 0
github.com/minhmannh2001/sms/handlers/export-server-list.go:25.32,27.3 1 0
github.com/minhmannh2001/sms/handlers/export-server-list.go:29.2,36.16 6 0
github.com/minhmannh2001/sms/handlers/export-server-list.go:36.16,39.3 2 0
github.com/minhmannh2001/sms/handlers/export-server-list.go:41.2,42.18 2 0
github.com/minhmannh2001/sms/handlers/export-server-list.go:42.18,44.16 2 0
github.com/minhmannh2001/sms/handlers/export-server-list.go:44.16,45.43 1 0
github.com/minhmannh2001/sms/handlers/export-server-list.go:45.43,48.5 2 0
github.com/minhmannh2001/sms/handlers/export-server-list.go:51.3,59.36 9 0
github.com/minhmannh2001/sms/handlers/export-server-list.go:59.36,78.4 18 0
github.com/minhmannh2001/sms/handlers/export-server-list.go:79.3,80.44 2 0
github.com/minhmannh2001/sms/handlers/export-server-list.go:80.44,83.4 2 0
github.com/minhmannh2001/sms/handlers/export-server-list.go:84.3,88.66 5 0
github.com/minhmannh2001/sms/handlers/export-server-list.go:88.66,91.4 2 0
github.com/minhmannh2001/sms/handlers/export-server-list.go:92.3,93.9 2 0
github.com/minhmannh2001/sms/handlers/export-server-list.go:96.2,96.52 1 0
github.com/minhmannh2001/sms/handlers/get-server-by-id.go:22.38,26.16 3 1
github.com/minhmannh2001/sms/handlers/get-server-by-id.go:26.16,29.3 2 0
github.com/minhmannh2001/sms/handlers/get-server-by-id.go:31.2,33.16 2 1
github.com/minhmannh2001/sms/handlers/get-server-by-id.go:33.16,36.3 2 1
github.com/minhmannh2001/sms/handlers/get-server-by-id.go:38.2,38.48 1 1
github.com/minhmannh2001/sms/handlers/import-servers.go:15.38,21.16 6 0
github.com/minhmannh2001/sms/handlers/import-servers.go:21.16,24.3 2 0
github.com/minhmannh2001/sms/handlers/import-servers.go:25.2,27.16 3 0
github.com/minhmannh2001/sms/handlers/import-servers.go:27.16,30.3 2 0
github.com/minhmannh2001/sms/handlers/import-servers.go:32.2,33.16 2 0
github.com/minhmannh2001/sms/handlers/import-servers.go:33.16,36.3 2 0
github.com/minhmannh2001/sms/handlers/import-servers.go:37.2,37.15 1 0
github.com/minhmannh2001/sms/handlers/import-servers.go:37.15,39.46 1 0
github.com/minhmannh2001/sms/handlers/import-servers.go:39.46,42.4 2 0
github.com/minhmannh2001/sms/handlers/import-servers.go:44.2,48.16 4 0
github.com/minhmannh2001/sms/handlers/import-servers.go:48.16,51.3 2 0
github.com/minhmannh2001/sms/handlers/import-servers.go:52.2,53.27 2 0
github.com/minhmannh2001/sms/handlers/import-servers.go:53.27,54.23 1 0
github.com/minhmannh2001/sms/handlers/import-servers.go:54.23,56.12 2 0
github.com/minhmannh2001/sms/handlers/import-servers.go:58.3,60.31 3 0
github.com/minhmannh2001/sms/handlers/import-servers.go:60.31,61.17 1 0
github.com/minhmannh2001/sms/handlers/import-servers.go:62.11,63.30 1 0
github.com/minhmannh2001/sms/handlers/import-servers.go:64.11,65.30 1 0
github.com/minhmannh2001/sms/handlers/import-servers.go:66.11,67.30 1 0
github.com/minhmannh2001/sms/handlers/import-servers.go:68.11,69.34 1 0
github.com/minhmannh2001/sms/handlers/import-servers.go:71.4,71.14 1 0
github.com/minhmannh2001/sms/handlers/import-servers.go:73.3,76.33 4 0
github.com/minhmannh2001/sms/handlers/import-servers.go:76.33,78.12 2 0
github.com/minhmannh2001/sms/handlers/import-servers.go:79.9,81.18 2 0
github.com/minhmannh2001/sms/handlers/import-servers.go:81.18,83.13 2 0
github.com/minhmannh2001/sms/handlers/import-servers.go:85.4,85.79 1 0
github.com/minhmannh2001/sms/handlers/import-servers.go:88.2,89.130 2 0
github.com/minhmannh2001/sms/handlers/login-handler.go:17.37,19.17 2 0
github.com/minhmannh2001/sms/handlers/login-handler.go:19.17,26.3 2 0
github.com/minhmannh2001/sms/handlers/login-handler.go:26.8,28.3 1 0
github.com/minhmannh2001/sms/handlers/update-server.go:11.37,15.16 3 0
github.com/minhmannh2001/sms/handlers/update-server.go:15.16,18.3 2 0
github.com/minhmannh2001/sms/handlers/update-server.go:20.2,20.48 1 0
github.com/minhmannh2001/sms/handlers/update-server.go:20.48,23.3 2 0
github.com/minhmannh2001/sms/handlers/update-server.go:25.2,31.16 4 0
github.com/minhmannh2001/sms/handlers/update-server.go:31.16,34.3 2 0
github.com/minhmannh2001/sms/handlers/update-server.go:36.2,36.75 1 0
